

Started GET "/" for 127.0.0.1 at 2015-05-03 12:51:18 -0300
  [1m[36mActiveRecord::SchemaMigration Load (0.0ms)[0m  [1mSELECT `schema_migrations`.* FROM `schema_migrations`[0m
  [1m[35mUser Load (0.0ms)[0m  SELECT  `users`.* FROM `users` WHERE `users`.`id` = 1  ORDER BY `users`.`id` ASC LIMIT 1
Processing by DefaultController#index as HTML
  Rendered default/index.html.erb within layouts/../default/application (11.0ms)
Completed 500 Internal Server Error in 21214ms (ActiveRecord: 0.0ms)

ActionView::Template::Error (
  (in D:/wamp/www/capp/app/assets/javascripts/clientes.coffee)):
     7:     <meta name="description" content="">
     8:     <meta name="author" content="">
     9:        <%= stylesheet_link_tag    "application", media: "all", "data-turbolinks-track" => true %>
    10:       <%= javascript_include_tag "application", "data-turbolinks-track" => true %>  
    11:       <%= csrf_meta_tags %>
    12:   </head>
    13:   <body class="skin-green">
  app/views/default/application.html.erb:10:in `_app_views_default_application_html_erb__712440411_76709976'
  app/controllers/default_controller.rb:5:in `index'


  Rendered D:/wamp/Ruby/lib/ruby/gems/2.1.0/gems/actionpack-4.2.1/lib/action_dispatch/middleware/templates/rescues/_source.erb (1.0ms)
  Rendered D:/wamp/Ruby/lib/ruby/gems/2.1.0/gems/actionpack-4.2.1/lib/action_dispatch/middleware/templates/rescues/_trace.html.erb (6.0ms)
  Rendered D:/wamp/Ruby/lib/ruby/gems/2.1.0/gems/actionpack-4.2.1/lib/action_dispatch/middleware/templates/rescues/_request_and_response.html.erb (2.0ms)
  Rendered D:/wamp/Ruby/lib/ruby/gems/2.1.0/gems/actionpack-4.2.1/lib/action_dispatch/middleware/templates/rescues/template_error.html.erb within rescues/layout (40.0ms)
  Rendered D:/wamp/Ruby/lib/ruby/gems/2.1.0/gems/web-console-2.1.2/lib/web_console/templates/_markup.html.erb (1.0ms)
  Rendered D:/wamp/Ruby/lib/ruby/gems/2.1.0/gems/web-console-2.1.2/lib/web_console/templates/style.css.erb within layouts/inlined_string (0.0ms)
  Rendered D:/wamp/Ruby/lib/ruby/gems/2.1.0/gems/web-console-2.1.2/lib/web_console/templates/_inner_console_markup.html.erb within layouts/inlined_string (0.0ms)
  Rendered D:/wamp/Ruby/lib/ruby/gems/2.1.0/gems/web-console-2.1.2/lib/web_console/templates/_prompt_box_markup.html.erb within layouts/inlined_string (1.0ms)
  Rendered D:/wamp/Ruby/lib/ruby/gems/2.1.0/gems/web-console-2.1.2/lib/web_console/templates/console.js.erb within layouts/javascript (55.0ms)
  Rendered D:/wamp/Ruby/lib/ruby/gems/2.1.0/gems/web-console-2.1.2/lib/web_console/templates/main.js.erb within layouts/javascript (0.0ms)
  Rendered D:/wamp/Ruby/lib/ruby/gems/2.1.0/gems/web-console-2.1.2/lib/web_console/templates/error_page.js.erb within layouts/javascript (0.0ms)
  Rendered D:/wamp/Ruby/lib/ruby/gems/2.1.0/gems/web-console-2.1.2/lib/web_console/templates/index.html.erb (133.0ms)
